  animatedtext.cpp
  animator.cpp
  client.cpp
  container.cpp
C:\my-tfs-compile\tfs 1.3 8.60 by nekiro\Otclient 860\src\framework\stdext\thread.h(26,10): fatal error C1083: Cannot open include file: 'boost/thread/future.hpp': No such file or directory (compiling source file ..\src\client\animatedtext.cpp)
C:\my-tfs-compile\tfs 1.3 8.60 by nekiro\Otclient 860\src\framework\stdext\thread.h(26,10): fatal error C1083: Cannot open include file: 'boost/thread/future.hpp': No such file or directory (compiling source file ..\src\client\client.cpp)
C:\my-tfs-compile\tfs 1.3 8.60 by nekiro\Otclient 860\src\framework\stdext\thread.h(26,10): fatal error C1083: Cannot open include file: 'boost/thread/future.hpp': No such file or directory (compiling source file ..\src\client\animator.cpp)
C:\my-tfs-compile\tfs 1.3 8.60 by nekiro\Otclient 860\src\framework\stdext\thread.h(26,10): fatal error C1083: Cannot open include file: 'boost/thread/future.hpp': No such file or directory (compiling source file ..\src\client\container.cpp)
  creature.cpp
  creatures.cpp
  effect.cpp
  game.cpp
C:\my-tfs-compile\tfs 1.3 8.60 by nekiro\Otclient 860\src\framework\stdext\thread.h(26,10): fatal error C1083: Cannot open include file: 'boost/thread/future.hpp': No such file or directory (compiling source file ..\src\client\creature.cpp)
  houses.cpp
C:\my-tfs-compile\tfs 1.3 8.60 by nekiro\Otclient 860\src\framework\stdext\thread.h(26,10): fatal error C1083: Cannot open include file: 'boost/thread/future.hpp': No such file or directory (compiling source file ..\src\client\creatures.cpp)
  item.cpp
C:\my-tfs-compile\tfs 1.3 8.60 by nekiro\Otclient 860\src\framework\stdext\thread.h(26,10): fatal error C1083: Cannot open include file: 'boost/thread/future.hpp': No such file or directory (compiling source file ..\src\client\effect.cpp)
  itemtype.cpp
C:\my-tfs-compile\tfs 1.3 8.60 by nekiro\Otclient 860\src\framework\stdext\thread.h(26,10): fatal error C1083: Cannot open include file: 'boost/thread/future.hpp': No such file or directory (compiling source file ..\src\client\game.cpp)
  lightview.cpp
C:\my-tfs-compile\tfs 1.3 8.60 by nekiro\Otclient 860\src\framework\stdext\thread.h(26,10): fatal error C1083: Cannot open include file: 'boost/thread/future.hpp': No such file or directory (compiling source file ..\src\client\houses.cpp)
  localplayer.cpp
C:\my-tfs-compile\tfs 1.3 8.60 by nekiro\Otclient 860\src\framework\stdext\thread.h(26,10): fatal error C1083: Cannot open include file: 'boost/thread/future.hpp': No such file or directory (compiling source file ..\src\client\itemtype.cpp)
  luafunctions.cpp
C:\my-tfs-compile\tfs 1.3 8.60 by nekiro\Otclient 860\src\framework\stdext\thread.h(26,10): fatal error C1083: Cannot open include file: 'boost/thread/future.hpp': No such file or directory (compiling source file ..\src\client\item.cpp)
  luavaluecasts.cpp
C:\my-tfs-compile\tfs 1.3 8.60 by nekiro\Otclient 860\src\framework\stdext\thread.h(26,10): fatal error C1083: Cannot open include file: 'boost/thread/future.hpp': No such file or directory (compiling source file ..\src\client\lightview.cpp)
  map.cpp
C:\my-tfs-compile\tfs 1.3 8.60 by nekiro\Otclient 860\src\framework\stdext\thread.h(26,10): fatal error C1083: Cannot open include file: 'boost/thread/future.hpp': No such file or directory (compiling source file ..\src\client\localplayer.cpp)
  mapio.cpp
C:\my-tfs-compile\tfs 1.3 8.60 by nekiro\Otclient 860\src\framework\stdext\thread.h(26,10): fatal error C1083: Cannot open include file: 'boost/thread/future.hpp': No such file or directory (compiling source file ..\src\client\luafunctions.cpp)
  mapview.cpp
C:\my-tfs-compile\tfs 1.3 8.60 by nekiro\Otclient 860\src\framework\stdext\thread.h(26,10): fatal error C1083: Cannot open include file: 'boost/thread/future.hpp': No such file or directory (compiling source file ..\src\client\luavaluecasts.cpp)
  minimap.cpp
C:\my-tfs-compile\tfs 1.3 8.60 by nekiro\Otclient 860\src\framework\stdext\thread.h(26,10): fatal error C1083: Cannot open include file: 'boost/thread/future.hpp': No such file or directory (compiling source file ..\src\client\map.cpp)
  missile.cpp
C:\my-tfs-compile\tfs 1.3 8.60 by nekiro\Otclient 860\src\framework\stdext\thread.h(26,10): fatal error C1083: Cannot open include file: 'boost/thread/future.hpp': No such file or directory (compiling source file ..\src\client\mapio.cpp)
  outfit.cpp
C:\my-tfs-compile\tfs 1.3 8.60 by nekiro\Otclient 860\src\framework\stdext\thread.h(26,10): fatal error C1083: Cannot open include file: 'boost/thread/future.hpp': No such file or directory (compiling source file ..\src\client\mapview.cpp)
C:\my-tfs-compile\tfs 1.3 8.60 by nekiro\Otclient 860\src\framework\stdext\thread.h(26,10): fatal error C1083: Cannot open include file: 'boost/thread/future.hpp': No such file or directory (compiling source file ..\src\client\minimap.cpp)
  player.cpp
  protocolcodes.cpp
C:\my-tfs-compile\tfs 1.3 8.60 by nekiro\Otclient 860\src\framework\stdext\thread.h(26,10): fatal error C1083: Cannot open include file: 'boost/thread/future.hpp': No such file or directory (compiling source file ..\src\client\missile.cpp)
  protocolgame.cpp
C:\my-tfs-compile\tfs 1.3 8.60 by nekiro\Otclient 860\src\framework\stdext\thread.h(26,10): fatal error C1083: Cannot open include file: 'boost/thread/future.hpp': No such file or directory (compiling source file ..\src\client\outfit.cpp)
  protocolgameparse.cpp
C:\my-tfs-compile\tfs 1.3 8.60 by nekiro\Otclient 860\src\framework\stdext\thread.h(26,10): fatal error C1083: Cannot open include file: 'boost/thread/future.hpp': No such file or directory (compiling source file ..\src\client\player.cpp)
  protocolgamesend.cpp
C:\my-tfs-compile\tfs 1.3 8.60 by nekiro\Otclient 860\src\framework\stdext\thread.h(26,10): fatal error C1083: Cannot open include file: 'boost/thread/future.hpp': No such file or directory (compiling source file ..\src\client\protocolcodes.cpp)
  shadermanager.cpp
C:\my-tfs-compile\tfs 1.3 8.60 by nekiro\Otclient 860\src\framework\stdext\thread.h(26,10): fatal error C1083: Cannot open include file: 'boost/thread/future.hpp': No such file or directory (compiling source file ..\src\client\protocolgame.cpp)
  spritemanager.cpp
C:\my-tfs-compile\tfs 1.3 8.60 by nekiro\Otclient 860\src\framework\stdext\thread.h(26,10): fatal error C1083: Cannot open include file: 'boost/thread/future.hpp': No such file or directory (compiling source file ..\src\client\protocolgameparse.cpp)
  statictext.cpp
C:\my-tfs-compile\tfs 1.3 8.60 by nekiro\Otclient 860\src\framework\stdext\thread.h(26,10): fatal error C1083: Cannot open include file: 'boost/thread/future.hpp': No such file or directory (compiling source file ..\src\client\shadermanager.cpp)
C:\my-tfs-compile\tfs 1.3 8.60 by nekiro\Otclient 860\src\framework\stdext\thread.h(26,10): fatal error C1083: Cannot open include file: 'boost/thread/future.hpp': No such file or directory (compiling source file ..\src\client\protocolgamesend.cpp)
  thing.cpp
  thingtype.cpp
C:\my-tfs-compile\tfs 1.3 8.60 by nekiro\Otclient 860\src\framework\stdext\thread.h(26,10): fatal error C1083: Cannot open include file: 'boost/thread/future.hpp': No such file or directory (compiling source file ..\src\client\spritemanager.cpp)
  thingtypemanager.cpp
C:\my-tfs-compile\tfs 1.3 8.60 by nekiro\Otclient 860\src\framework\stdext\thread.h(26,10): fatal error C1083: Cannot open include file: 'boost/thread/future.hpp': No such file or directory (compiling source file ..\src\client\thingtype.cpp)
C:\my-tfs-compile\tfs 1.3 8.60 by nekiro\Otclient 860\src\framework\stdext\thread.h(26,10): fatal error C1083: Cannot open include file: 'boost/thread/future.hpp': No such file or directory (compiling source file ..\src\client\thing.cpp)
  tile.cpp
  towns.cpp
C:\my-tfs-compile\tfs 1.3 8.60 by nekiro\Otclient 860\src\framework\stdext\thread.h(26,10): fatal error C1083: Cannot open include file: 'boost/thread/future.hpp': No such file or directory (compiling source file ..\src\client\statictext.cpp)
  uicreature.cpp
C:\my-tfs-compile\tfs 1.3 8.60 by nekiro\Otclient 860\src\framework\stdext\thread.h(26,10): fatal error C1083: Cannot open include file: 'boost/thread/future.hpp': No such file or directory (compiling source file ..\src\client\thingtypemanager.cpp)
  uiitem.cpp
C:\my-tfs-compile\tfs 1.3 8.60 by nekiro\Otclient 860\src\framework\stdext\thread.h(26,10): fatal error C1083: Cannot open include file: 'boost/thread/future.hpp': No such file or directory (compiling source file ..\src\client\towns.cpp)
  uimap.cpp
C:\my-tfs-compile\tfs 1.3 8.60 by nekiro\Otclient 860\src\framework\stdext\thread.h(26,10): fatal error C1083: Cannot open include file: 'boost/thread/future.hpp': No such file or directory (compiling source file ..\src\client\uicreature.cpp)
  uimapanchorlayout.cpp
C:\my-tfs-compile\tfs 1.3 8.60 by nekiro\Otclient 860\src\framework\stdext\thread.h(26,10): fatal error C1083: Cannot open include file: 'boost/thread/future.hpp': No such file or directory (compiling source file ..\src\client\tile.cpp)
  uiminimap.cpp
C:\my-tfs-compile\tfs 1.3 8.60 by nekiro\Otclient 860\src\framework\stdext\thread.h(26,10): fatal error C1083: Cannot open include file: 'boost/thread/future.hpp': No such file or directory (compiling source file ..\src\client\uiitem.cpp)
  uiprogressrect.cpp
C:\my-tfs-compile\tfs 1.3 8.60 by nekiro\Otclient 860\src\framework\stdext\thread.h(26,10): fatal error C1083: Cannot open include file: 'boost/thread/future.hpp': No such file or directory (compiling source file ..\src\client\uimap.cpp)
  uisprite.cpp
C:\my-tfs-compile\tfs 1.3 8.60 by nekiro\Otclient 860\src\framework\stdext\thread.h(26,10): fatal error C1083: Cannot open include file: 'boost/thread/future.hpp': No such file or directory (compiling source file ..\src\client\uimapanchorlayout.cpp)
C:\my-tfs-compile\tfs 1.3 8.60 by nekiro\Otclient 860\src\framework\stdext\thread.h(26,10): fatal error C1083: Cannot open include file: 'boost/thread/future.hpp': No such file or directory (compiling source file ..\src\client\uiminimap.cpp)
C:\my-tfs-compile\tfs 1.3 8.60 by nekiro\Otclient 860\src\framework\stdext\thread.h(26,10): fatal error C1083: Cannot open include file: 'boost/thread/future.hpp': No such file or directory (compiling source file ..\src\client\uiprogressrect.cpp)
C:\my-tfs-compile\tfs 1.3 8.60 by nekiro\Otclient 860\src\framework\stdext\thread.h(26,10): fatal error C1083: Cannot open include file: 'boost/thread/future.hpp': No such file or directory (compiling source file ..\src\client\uisprite.cpp)
